# JRE version: OpenJDK Runtime Environment Temurin-21.0.3+9 (21.0.3+9) (build 21.0.3+9-LTS)
# Java VM: OpenJDK 64-Bit Server VM Temurin-21.0.3+9 (21.0.3+9-LTS, mixed mode, sharing, tiered, compressed oops, compressed class ptrs, g1 gc, windows-amd64)
GC Precious Log:
 CardTable entry size: 512
 Card Set container configuration: InlinePtr #cards 5 size 8 Array Of Cards #cards 12 size 40 Howl #buckets 4 coarsen threshold 1843 Howl Bitmap #cards 512 size 80 coarsen threshold 460 Card regions per heap region 1 cards per card region 2048
 CPUs: 12 total, 12 available
 Memory: 7471M
 Large Page Support: Disabled
 NUMA Support: Disabled
 Compressed Oops: Enabled (32-bit)
 Heap Region Size: 1M
 Heap Min Capacity: 8M
 Heap Initial Capacity: 118M
 Heap Max Capacity: 2G
 Pre-touch: Disabled
 Parallel Workers: 10
 Concurrent Workers: 3
 Concurrent Refinement Workers: 10
 Periodic GC: Disabled
Heap:
 garbage-first heap   total 293888K, used 224212K [0x0000000080000000, 0x0000000100000000)
  region size 1024K, 82 young (83968K), 3 survivors (3072K)
 Metaspace       used 121161K, committed 123648K, reserved 1179648K
  class space    used 16519K, committed 17728K, reserved 1048576K
GC Heap History (20 events):
Event: 28.241 GC heap before
{Heap before GC invocations=36 (full 0):
 garbage-first heap   total 188416K, used 149187K [0x0000000080000000, 0x0000000100000000)
  region size 1024K, 48 young (49152K), 7 survivors (7168K)
 Metaspace       used 102925K, committed 105216K, reserved 1179648K
  class space    used 14427K, committed 15552K, reserved 1048576K
}
Event: 28.249 GC heap after
{Heap after GC invocations=37 (full 0):
 garbage-first heap   total 188416K, used 114823K [0x0000000080000000, 0x0000000100000000)
  region size 1024K, 6 young (6144K), 6 survivors (6144K)
 Metaspace       used 102925K, committed 105216K, reserved 1179648K
  class space    used 14427K, committed 15552K, reserved 1048576K
}
Event: 29.612 GC heap before
{Heap before GC invocations=37 (full 0):
 garbage-first heap   total 188416K, used 174215K [0x0000000080000000, 0x0000000100000000)
  region size 1024K, 60 young (61440K), 6 survivors (6144K)
 Metaspace       used 106124K, committed 108416K, reserved 1179648K
  class space    used 14810K, committed 15936K, reserved 1048576K
}
Event: 29.624 GC heap after
{Heap after GC invocations=38 (full 0):
 garbage-first heap   total 190464K, used 121684K [0x0000000080000000, 0x0000000100000000)
  region size 1024K, 7 young (7168K), 7 survivors (7168K)
 Metaspace       used 106124K, committed 108416K, reserved 1179648K
  class space    used 14810K, committed 15936K, reserved 1048576K
}
Event: 29.914 GC heap before
{Heap before GC invocations=38 (full 0):
 garbage-first heap   total 190464K, used 171860K [0x0000000080000000, 0x0000000100000000)
  region size 1024K, 57 young (58368K), 7 survivors (7168K)
 Metaspace       used 106364K, committed 108672K, reserved 1179648K
  class space    used 14846K, committed 16000K, reserved 1048576K
}
Event: 29.922 GC heap after
{Heap after GC invocations=39 (full 0):
 garbage-first heap   total 190464K, used 124722K [0x0000000080000000, 0x0000000100000000)
  region size 1024K, 4 young (4096K), 4 survivors (4096K)
 Metaspace       used 106364K, committed 108672K, reserved 1179648K
  class space    used 14846K, committed 16000K, reserved 1048576K
}
Event: 30.484 GC heap before
{Heap before GC invocations=40 (full 0):
 garbage-first heap   total 222208K, used 171826K [0x0000000080000000, 0x0000000100000000)
  region size 1024K, 51 young (52224K), 4 survivors (4096K)
 Metaspace       used 107627K, committed 109888K, reserved 1179648K
  class space    used 14973K, committed 16128K, reserved 1048576K
}
Event: 30.488 GC heap after
{Heap after GC invocations=41 (full 0):
 garbage-first heap   total 222208K, used 126646K [0x0000000080000000, 0x0000000100000000)
  region size 1024K, 5 young (5120K), 5 survivors (5120K)
 Metaspace       used 107627K, committed 109888K, reserved 1179648K
  class space    used 14973K, committed 16128K, reserved 1048576K
}
Event: 31.488 GC heap before
{Heap before GC invocations=41 (full 0):
 garbage-first heap   total 222208K, used 200374K [0x0000000080000000, 0x0000000100000000)
  region size 1024K, 78 young (79872K), 5 survivors (5120K)
 Metaspace       used 112353K, committed 114688K, reserved 1179648K
  class space    used 15580K, committed 16704K, reserved 1048576K
}
Event: 31.499 GC heap after
{Heap after GC invocations=42 (full 0):
 garbage-first heap   total 222208K, used 132222K [0x0000000080000000, 0x0000000100000000)
  region size 1024K, 10 young (10240K), 10 survivors (10240K)
 Metaspace       used 112353K, committed 114688K, reserved 1179648K
  class space    used 15580K, committed 16704K, reserved 1048576K
}
Event: 31.854 GC heap before
{Heap before GC invocations=42 (full 0):
 garbage-first heap   total 222208K, used 197758K [0x0000000080000000, 0x0000000100000000)
  region size 1024K, 75 young (76800K), 10 survivors (10240K)
 Metaspace       used 112989K, committed 115328K, reserved 1179648K
  class space    used 15653K, committed 16832K, reserved 1048576K
}
Event: 31.865 GC heap after
{Heap after GC invocations=43 (full 0):
 garbage-first heap   total 222208K, used 136781K [0x0000000080000000, 0x0000000100000000)
  region size 1024K, 4 young (4096K), 4 survivors (4096K)
 Metaspace       used 112989K, committed 115328K, reserved 1179648K
  class space    used 15653K, committed 16832K, reserved 1048576K
}
Event: 32.230 GC heap before
{Heap before GC invocations=44 (full 0):
 garbage-first heap   total 242688K, used 203341K [0x0000000080000000, 0x0000000100000000)
  region size 1024K, 70 young (71680K), 4 survivors (4096K)
 Metaspace       used 112999K, committed 115328K, reserved 1179648K
  class space    used 15653K, committed 16832K, reserved 1048576K
}
Event: 32.235 GC heap after
{Heap after GC invocations=45 (full 0):
 garbage-first heap   total 242688K, used 138443K [0x0000000080000000, 0x0000000100000000)
  region size 1024K, 6 young (6144K), 6 survivors (6144K)
 Metaspace       used 112999K, committed 115328K, reserved 1179648K
  class space    used 15653K, committed 16832K, reserved 1048576K
}
Event: 34.160 GC heap before
{Heap before GC invocations=45 (full 0):
 garbage-first heap   total 242688K, used 221387K [0x0000000080000000, 0x0000000100000000)
  region size 1024K, 88 young (90112K), 6 survivors (6144K)
 Metaspace       used 114971K, committed 117440K, reserved 1179648K
  class space    used 15914K, committed 17152K, reserved 1048576K
}
Event: 34.170 GC heap after
{Heap after GC invocations=46 (full 0):
 garbage-first heap   total 242688K, used 143838K [0x0000000080000000, 0x0000000100000000)
  region size 1024K, 11 young (11264K), 11 survivors (11264K)
 Metaspace       used 114971K, committed 117440K, reserved 1179648K
  class space    used 15914K, committed 17152K, reserved 1048576K
}
Event: 34.657 GC heap before
{Heap before GC invocations=46 (full 0):
 garbage-first heap   total 242688K, used 216542K [0x0000000080000000, 0x0000000100000000)
  region size 1024K, 83 young (84992K), 11 survivors (11264K)
 Metaspace       used 115367K, committed 117824K, reserved 1179648K
  class space    used 15945K, committed 17152K, reserved 1048576K
}
Event: 34.666 GC heap after
{Heap after GC invocations=47 (full 0):
 garbage-first heap   total 242688K, used 146438K [0x0000000080000000, 0x0000000100000000)
  region size 1024K, 4 young (4096K), 4 survivors (4096K)
 Metaspace       used 115367K, committed 117824K, reserved 1179648K
  class space    used 15945K, committed 17152K, reserved 1048576K
}
Event: 49.814 GC heap before
{Heap before GC invocations=48 (full 0):
 garbage-first heap   total 293888K, used 221190K [0x0000000080000000, 0x0000000100000000)
  region size 1024K, 78 young (79872K), 4 survivors (4096K)
 Metaspace       used 115546K, committed 118016K, reserved 1179648K
  class space    used 15966K, committed 17216K, reserved 1048576K
}
Event: 49.823 GC heap after
{Heap after GC invocations=49 (full 0):
 garbage-first heap   total 293888K, used 145364K [0x0000000080000000, 0x0000000100000000)
  region size 1024K, 3 young (3072K), 3 survivors (3072K)
 Metaspace       used 115546K, committed 118016K, reserved 1179648K
  class space    used 15966K, committed 17216K, reserved 1048576K
}

