# JRE version: OpenJDK Runtime Environment Temurin-21.0.3+9 (21.0.3+9) (build 21.0.3+9-LTS)
# Java VM: OpenJDK 64-Bit Server VM Temurin-21.0.3+9 (21.0.3+9-LTS, mixed mode, sharing, tiered, compressed oops, compressed class ptrs, g1 gc, windows-amd64)
GC Precious Log:
 CardTable entry size: 512
 Card Set container configuration: InlinePtr #cards 5 size 8 Array Of Cards #cards 12 size 40 Howl #buckets 4 coarsen threshold 1843 Howl Bitmap #cards 512 size 80 coarsen threshold 460 Card regions per heap region 1 cards per card region 2048
 CPUs: 12 total, 12 available
 Memory: 7471M
 Large Page Support: Disabled
 NUMA Support: Disabled
 Compressed Oops: Enabled (32-bit)
 Heap Region Size: 1M
 Heap Min Capacity: 8M
 Heap Initial Capacity: 118M
 Heap Max Capacity: 1868M
 Pre-touch: Disabled
 Parallel Workers: 10
 Concurrent Workers: 3
 Concurrent Refinement Workers: 10
 Periodic GC: Disabled
Heap:
 garbage-first heap   total 414720K, used 195453K [0x000000008b400000, 0x0000000100000000)
  region size 1024K, 50 young (51200K), 8 survivors (8192K)
 Metaspace       used 53994K, committed 54400K, reserved 1114112K
  class space    used 6154K, committed 6336K, reserved 1048576K
GC Heap History (20 events):
Event: 3.094 GC heap before
{Heap before GC invocations=8 (full 0):
 garbage-first heap   total 114688K, used 82944K [0x000000008b400000, 0x0000000100000000)
  region size 1024K, 47 young (48128K), 6 survivors (6144K)
 Metaspace       used 41540K, committed 41856K, reserved 1114112K
  class space    used 4884K, committed 4992K, reserved 1048576K
}
Event: 3.110 GC heap after
{Heap after GC invocations=9 (full 0):
 garbage-first heap   total 114688K, used 47104K [0x000000008b400000, 0x0000000100000000)
  region size 1024K, 6 young (6144K), 6 survivors (6144K)
 Metaspace       used 41540K, committed 41856K, reserved 1114112K
  class space    used 4884K, committed 4992K, reserved 1048576K
}
Event: 3.233 GC heap before
{Heap before GC invocations=9 (full 0):
 garbage-first heap   total 114688K, used 87040K [0x000000008b400000, 0x0000000100000000)
  region size 1024K, 45 young (46080K), 6 survivors (6144K)
 Metaspace       used 41811K, committed 42048K, reserved 1114112K
  class space    used 4884K, committed 4992K, reserved 1048576K
}
Event: 3.246 GC heap after
{Heap after GC invocations=10 (full 0):
 garbage-first heap   total 114688K, used 55296K [0x000000008b400000, 0x0000000100000000)
  region size 1024K, 6 young (6144K), 6 survivors (6144K)
 Metaspace       used 41811K, committed 42048K, reserved 1114112K
  class space    used 4884K, committed 4992K, reserved 1048576K
}
Event: 3.295 GC heap before
{Heap before GC invocations=10 (full 0):
 garbage-first heap   total 114688K, used 92160K [0x000000008b400000, 0x0000000100000000)
  region size 1024K, 42 young (43008K), 6 survivors (6144K)
 Metaspace       used 41811K, committed 42048K, reserved 1114112K
  class space    used 4884K, committed 4992K, reserved 1048576K
}
Event: 3.301 GC heap after
{Heap after GC invocations=11 (full 0):
 garbage-first heap   total 114688K, used 64000K [0x000000008b400000, 0x0000000100000000)
  region size 1024K, 6 young (6144K), 6 survivors (6144K)
 Metaspace       used 41811K, committed 42048K, reserved 1114112K
  class space    used 4884K, committed 4992K, reserved 1048576K
}
Event: 3.345 GC heap before
{Heap before GC invocations=11 (full 0):
 garbage-first heap   total 114688K, used 95744K [0x000000008b400000, 0x0000000100000000)
  region size 1024K, 37 young (37888K), 6 survivors (6144K)
 Metaspace       used 41811K, committed 42048K, reserved 1114112K
  class space    used 4884K, committed 4992K, reserved 1048576K
}
Event: 3.351 GC heap after
{Heap after GC invocations=12 (full 0):
 garbage-first heap   total 197632K, used 71168K [0x000000008b400000, 0x0000000100000000)
  region size 1024K, 5 young (5120K), 5 survivors (5120K)
 Metaspace       used 41811K, committed 42048K, reserved 1114112K
  class space    used 4884K, committed 4992K, reserved 1048576K
}
Event: 3.803 GC heap before
{Heap before GC invocations=13 (full 0):
 garbage-first heap   total 197632K, used 154112K [0x000000008b400000, 0x0000000100000000)
  region size 1024K, 85 young (87040K), 5 survivors (5120K)
 Metaspace       used 43501K, committed 43840K, reserved 1114112K
  class space    used 5053K, committed 5184K, reserved 1048576K
}
Event: 3.820 GC heap after
{Heap after GC invocations=14 (full 0):
 garbage-first heap   total 197632K, used 97280K [0x000000008b400000, 0x0000000100000000)
  region size 1024K, 11 young (11264K), 11 survivors (11264K)
 Metaspace       used 43501K, committed 43840K, reserved 1114112K
  class space    used 5053K, committed 5184K, reserved 1048576K
}
Event: 4.092 GC heap before
{Heap before GC invocations=14 (full 0):
 garbage-first heap   total 197632K, used 155648K [0x000000008b400000, 0x0000000100000000)
  region size 1024K, 68 young (69632K), 11 survivors (11264K)
 Metaspace       used 43987K, committed 44352K, reserved 1114112K
  class space    used 5077K, committed 5248K, reserved 1048576K
}
Event: 4.102 GC heap after
{Heap after GC invocations=15 (full 0):
 garbage-first heap   total 197632K, used 110080K [0x000000008b400000, 0x0000000100000000)
  region size 1024K, 9 young (9216K), 9 survivors (9216K)
 Metaspace       used 43987K, committed 44352K, reserved 1114112K
  class space    used 5077K, committed 5248K, reserved 1048576K
}
Event: 4.159 GC heap before
{Heap before GC invocations=15 (full 0):
 garbage-first heap   total 197632K, used 164352K [0x000000008b400000, 0x0000000100000000)
  region size 1024K, 62 young (63488K), 9 survivors (9216K)
 Metaspace       used 43987K, committed 44352K, reserved 1114112K
  class space    used 5077K, committed 5248K, reserved 1048576K
}
Event: 4.167 GC heap after
{Heap after GC invocations=16 (full 0):
 garbage-first heap   total 197632K, used 122880K [0x000000008b400000, 0x0000000100000000)
  region size 1024K, 8 young (8192K), 8 survivors (8192K)
 Metaspace       used 43987K, committed 44352K, reserved 1114112K
  class space    used 5077K, committed 5248K, reserved 1048576K
}
Event: 4.263 GC heap before
{Heap before GC invocations=17 (full 0):
 garbage-first heap   total 247808K, used 168960K [0x000000008b400000, 0x0000000100000000)
  region size 1024K, 53 young (54272K), 8 survivors (8192K)
 Metaspace       used 43987K, committed 44352K, reserved 1114112K
  class space    used 5077K, committed 5248K, reserved 1048576K
}
Event: 4.270 GC heap after
{Heap after GC invocations=18 (full 0):
 garbage-first heap   total 247808K, used 134144K [0x000000008b400000, 0x0000000100000000)
  region size 1024K, 7 young (7168K), 7 survivors (7168K)
 Metaspace       used 43987K, committed 44352K, reserved 1114112K
  class space    used 5077K, committed 5248K, reserved 1048576K
}
Event: 5.048 GC heap before
{Heap before GC invocations=18 (full 0):
 garbage-first heap   total 247808K, used 203776K [0x000000008b400000, 0x0000000100000000)
  region size 1024K, 75 young (76800K), 7 survivors (7168K)
 Metaspace       used 48875K, committed 49216K, reserved 1114112K
  class space    used 5603K, committed 5760K, reserved 1048576K
}
Event: 5.066 GC heap after
{Heap after GC invocations=19 (full 0):
 garbage-first heap   total 247808K, used 145868K [0x000000008b400000, 0x0000000100000000)
  region size 1024K, 10 young (10240K), 10 survivors (10240K)
 Metaspace       used 48875K, committed 49216K, reserved 1114112K
  class space    used 5603K, committed 5760K, reserved 1048576K
}
Event: 5.986 GC heap before
{Heap before GC invocations=19 (full 0):
 garbage-first heap   total 247808K, used 210380K [0x000000008b400000, 0x0000000100000000)
  region size 1024K, 73 young (74752K), 10 survivors (10240K)
 Metaspace       used 52712K, committed 53056K, reserved 1114112K
  class space    used 5956K, committed 6144K, reserved 1048576K
}
Event: 6.006 GC heap after
{Heap after GC invocations=20 (full 0):
 garbage-first heap   total 414720K, used 154493K [0x000000008b400000, 0x0000000100000000)
  region size 1024K, 8 young (8192K), 8 survivors (8192K)
 Metaspace       used 52712K, committed 53056K, reserved 1114112K
  class space    used 5956K, committed 6144K, reserved 1048576K
}

