# JRE version: OpenJDK Runtime Environment Temurin-21.0.3+9 (21.0.3+9) (build 21.0.3+9-LTS)
# Java VM: OpenJDK 64-Bit Server VM Temurin-21.0.3+9 (21.0.3+9-LTS, mixed mode, sharing, tiered, compressed oops, compressed class ptrs, g1 gc, windows-amd64)
GC Precious Log:
 CardTable entry size: 512
 Card Set container configuration: InlinePtr #cards 5 size 8 Array Of Cards #cards 12 size 40 Howl #buckets 4 coarsen threshold 1843 Howl Bitmap #cards 512 size 80 coarsen threshold 460 Card regions per heap region 1 cards per card region 2048
 CPUs: 12 total, 12 available
 Memory: 7471M
 Large Page Support: Disabled
 NUMA Support: Disabled
 Compressed Oops: Enabled (32-bit)
 Heap Region Size: 1M
 Heap Min Capacity: 8M
 Heap Initial Capacity: 118M
 Heap Max Capacity: 2G
 Pre-touch: Disabled
 Parallel Workers: 10
 Concurrent Workers: 3
 Concurrent Refinement Workers: 10
 Periodic GC: Disabled
Heap:
 garbage-first heap   total 321536K, used 208523K [0x0000000080000000, 0x0000000100000000)
  region size 1024K, 20 young (20480K), 2 survivors (2048K)
 Metaspace       used 120042K, committed 122496K, reserved 1179648K
  class space    used 16179K, committed 17408K, reserved 1048576K
GC Heap History (20 events):
Event: 43.336 GC heap before
{Heap before GC invocations=40 (full 0):
 garbage-first heap   total 217088K, used 195992K [0x0000000080000000, 0x0000000100000000)
  region size 1024K, 79 young (80896K), 7 survivors (7168K)
 Metaspace       used 111916K, committed 114304K, reserved 1179648K
  class space    used 15330K, committed 16512K, reserved 1048576K
}
Event: 43.345 GC heap after
{Heap after GC invocations=41 (full 0):
 garbage-first heap   total 217088K, used 126221K [0x0000000080000000, 0x0000000100000000)
  region size 1024K, 6 young (6144K), 6 survivors (6144K)
 Metaspace       used 111916K, committed 114304K, reserved 1179648K
  class space    used 15330K, committed 16512K, reserved 1048576K
}
Event: 43.869 GC heap before
{Heap before GC invocations=41 (full 0):
 garbage-first heap   total 217088K, used 197901K [0x0000000080000000, 0x0000000100000000)
  region size 1024K, 76 young (77824K), 6 survivors (6144K)
 Metaspace       used 112363K, committed 114752K, reserved 1179648K
  class space    used 15336K, committed 16512K, reserved 1048576K
}
Event: 43.879 GC heap after
{Heap after GC invocations=42 (full 0):
 garbage-first heap   total 217088K, used 132601K [0x0000000080000000, 0x0000000100000000)
  region size 1024K, 10 young (10240K), 10 survivors (10240K)
 Metaspace       used 112363K, committed 114752K, reserved 1179648K
  class space    used 15336K, committed 16512K, reserved 1048576K
}
Event: 44.322 GC heap before
{Heap before GC invocations=42 (full 0):
 garbage-first heap   total 217088K, used 193017K [0x0000000080000000, 0x0000000100000000)
  region size 1024K, 70 young (71680K), 10 survivors (10240K)
 Metaspace       used 112540K, committed 114944K, reserved 1179648K
  class space    used 15337K, committed 16512K, reserved 1048576K
}
Event: 44.335 GC heap after
{Heap after GC invocations=43 (full 0):
 garbage-first heap   total 261120K, used 141757K [0x0000000080000000, 0x0000000100000000)
  region size 1024K, 9 young (9216K), 9 survivors (9216K)
 Metaspace       used 112540K, committed 114944K, reserved 1179648K
  class space    used 15337K, committed 16512K, reserved 1048576K
}
Event: 44.770 GC heap before
{Heap before GC invocations=44 (full 0):
 garbage-first heap   total 261120K, used 230845K [0x0000000080000000, 0x0000000100000000)
  region size 1024K, 96 young (98304K), 9 survivors (9216K)
 Metaspace       used 112639K, committed 115072K, reserved 1179648K
  class space    used 15343K, committed 16512K, reserved 1048576K
}
Event: 44.801 GC heap after
{Heap after GC invocations=45 (full 0):
 garbage-first heap   total 287744K, used 189440K [0x0000000080000000, 0x0000000100000000)
  region size 1024K, 12 young (12288K), 12 survivors (12288K)
 Metaspace       used 112639K, committed 115072K, reserved 1179648K
  class space    used 15343K, committed 16512K, reserved 1048576K
}
Event: 69.214 GC heap before
{Heap before GC invocations=45 (full 0):
 garbage-first heap   total 287744K, used 244736K [0x0000000080000000, 0x0000000100000000)
  region size 1024K, 66 young (67584K), 12 survivors (12288K)
 Metaspace       used 112814K, committed 115200K, reserved 1179648K
  class space    used 15347K, committed 16512K, reserved 1048576K
}
Event: 69.308 GC heap after
{Heap after GC invocations=46 (full 0):
 garbage-first heap   total 287744K, used 191928K [0x0000000080000000, 0x0000000100000000)
  region size 1024K, 5 young (5120K), 5 survivors (5120K)
 Metaspace       used 112814K, committed 115200K, reserved 1179648K
  class space    used 15347K, committed 16512K, reserved 1048576K
}
Event: 70.180 GC heap before
{Heap before GC invocations=46 (full 0):
 garbage-first heap   total 287744K, used 248248K [0x0000000080000000, 0x0000000100000000)
  region size 1024K, 61 young (62464K), 5 survivors (5120K)
 Metaspace       used 113053K, committed 115392K, reserved 1179648K
  class space    used 15348K, committed 16512K, reserved 1048576K
}
Event: 70.194 GC heap after
{Heap after GC invocations=47 (full 0):
 garbage-first heap   total 287744K, used 200005K [0x0000000080000000, 0x0000000100000000)
  region size 1024K, 8 young (8192K), 8 survivors (8192K)
 Metaspace       used 113053K, committed 115392K, reserved 1179648K
  class space    used 15348K, committed 16512K, reserved 1048576K
}
Event: 71.748 GC heap before
{Heap before GC invocations=48 (full 0):
 garbage-first heap   total 287744K, used 214341K [0x0000000080000000, 0x0000000100000000)
  region size 1024K, 61 young (62464K), 8 survivors (8192K)
 Metaspace       used 113138K, committed 115520K, reserved 1179648K
  class space    used 15348K, committed 16512K, reserved 1048576K
}
Event: 71.765 GC heap after
{Heap after GC invocations=49 (full 0):
 garbage-first heap   total 287744K, used 168944K [0x0000000080000000, 0x0000000100000000)
  region size 1024K, 8 young (8192K), 8 survivors (8192K)
 Metaspace       used 113138K, committed 115520K, reserved 1179648K
  class space    used 15348K, committed 16512K, reserved 1048576K
}
Event: 72.241 GC heap before
{Heap before GC invocations=49 (full 0):
 garbage-first heap   total 287744K, used 243696K [0x0000000080000000, 0x0000000100000000)
  region size 1024K, 80 young (81920K), 8 survivors (8192K)
 Metaspace       used 113178K, committed 115520K, reserved 1179648K
  class space    used 15348K, committed 16512K, reserved 1048576K
}
Event: 72.364 GC heap after
{Heap after GC invocations=50 (full 0):
 garbage-first heap   total 303104K, used 202240K [0x0000000080000000, 0x0000000100000000)
  region size 1024K, 10 young (10240K), 10 survivors (10240K)
 Metaspace       used 113178K, committed 115520K, reserved 1179648K
  class space    used 15348K, committed 16512K, reserved 1048576K
}
Event: 80.184 GC heap before
{Heap before GC invocations=50 (full 0):
 garbage-first heap   total 303104K, used 251392K [0x0000000080000000, 0x0000000100000000)
  region size 1024K, 59 young (60416K), 10 survivors (10240K)
 Metaspace       used 118681K, committed 121152K, reserved 1179648K
  class space    used 16031K, committed 17280K, reserved 1048576K
}
Event: 80.212 GC heap after
{Heap after GC invocations=51 (full 0):
 garbage-first heap   total 303104K, used 209269K [0x0000000080000000, 0x0000000100000000)
  region size 1024K, 7 young (7168K), 7 survivors (7168K)
 Metaspace       used 118681K, committed 121152K, reserved 1179648K
  class space    used 16031K, committed 17280K, reserved 1048576K
}
Event: 132.920 GC heap before
{Heap before GC invocations=52 (full 0):
 garbage-first heap   total 321536K, used 238965K [0x0000000080000000, 0x0000000100000000)
  region size 1024K, 56 young (57344K), 7 survivors (7168K)
 Metaspace       used 120025K, committed 122432K, reserved 1179648K
  class space    used 16178K, committed 17408K, reserved 1048576K
}
Event: 132.937 GC heap after
{Heap after GC invocations=53 (full 0):
 garbage-first heap   total 321536K, used 191115K [0x0000000080000000, 0x0000000100000000)
  region size 1024K, 2 young (2048K), 2 survivors (2048K)
 Metaspace       used 120025K, committed 122432K, reserved 1179648K
  class space    used 16178K, committed 17408K, reserved 1048576K
}

