# JRE version: OpenJDK Runtime Environment Temurin-21.0.3+9 (21.0.3+9) (build 21.0.3+9-LTS)
# Java VM: OpenJDK 64-Bit Server VM Temurin-21.0.3+9 (21.0.3+9-LTS, mixed mode, sharing, tiered, compressed oops, compressed class ptrs, g1 gc, windows-amd64)
GC Precious Log:
 CardTable entry size: 512
 Card Set container configuration: InlinePtr #cards 5 size 8 Array Of Cards #cards 12 size 40 Howl #buckets 4 coarsen threshold 1843 Howl Bitmap #cards 512 size 80 coarsen threshold 460 Card regions per heap region 1 cards per card region 2048
 CPUs: 12 total, 12 available
 Memory: 7471M
 Large Page Support: Disabled
 NUMA Support: Disabled
 Compressed Oops: Enabled (32-bit)
 Heap Region Size: 1M
 Heap Min Capacity: 8M
 Heap Initial Capacity: 118M
 Heap Max Capacity: 1868M
 Pre-touch: Disabled
 Parallel Workers: 10
 Concurrent Workers: 3
 Concurrent Refinement Workers: 10
 Periodic GC: Disabled
Heap:
 garbage-first heap   total 347136K, used 175104K [0x000000008b400000, 0x0000000100000000)
  region size 1024K, 8 young (8192K), 8 survivors (8192K)
 Metaspace       used 54170K, committed 54528K, reserved 1114112K
  class space    used 6154K, committed 6336K, reserved 1048576K
GC Heap History (20 events):
Event: 4.239 GC heap after
{Heap after GC invocations=10 (full 0):
 garbage-first heap   total 118784K, used 57344K [0x000000008b400000, 0x0000000100000000)
  region size 1024K, 7 young (7168K), 7 survivors (7168K)
 Metaspace       used 41841K, committed 42112K, reserved 1114112K
  class space    used 4884K, committed 4992K, reserved 1048576K
}
Event: 4.318 GC heap before
{Heap before GC invocations=10 (full 0):
 garbage-first heap   total 118784K, used 96256K [0x000000008b400000, 0x0000000100000000)
  region size 1024K, 45 young (46080K), 7 survivors (7168K)
 Metaspace       used 41841K, committed 42112K, reserved 1114112K
  class space    used 4884K, committed 4992K, reserved 1048576K
}
Event: 4.328 GC heap after
{Heap after GC invocations=11 (full 0):
 garbage-first heap   total 118784K, used 66048K [0x000000008b400000, 0x0000000100000000)
  region size 1024K, 6 young (6144K), 6 survivors (6144K)
 Metaspace       used 41841K, committed 42112K, reserved 1114112K
  class space    used 4884K, committed 4992K, reserved 1048576K
}
Event: 4.398 GC heap before
{Heap before GC invocations=11 (full 0):
 garbage-first heap   total 118784K, used 99840K [0x000000008b400000, 0x0000000100000000)
  region size 1024K, 39 young (39936K), 6 survivors (6144K)
 Metaspace       used 41847K, committed 42112K, reserved 1114112K
  class space    used 4884K, committed 4992K, reserved 1048576K
}
Event: 4.407 GC heap after
{Heap after GC invocations=12 (full 0):
 garbage-first heap   total 118784K, used 73728K [0x000000008b400000, 0x0000000100000000)
  region size 1024K, 5 young (5120K), 5 survivors (5120K)
 Metaspace       used 41847K, committed 42112K, reserved 1114112K
  class space    used 4884K, committed 4992K, reserved 1048576K
}
Event: 4.722 GC heap before
{Heap before GC invocations=13 (full 0):
 garbage-first heap   total 130048K, used 102400K [0x000000008b400000, 0x0000000100000000)
  region size 1024K, 33 young (33792K), 5 survivors (5120K)
 Metaspace       used 43008K, committed 43392K, reserved 1114112K
  class space    used 5003K, committed 5184K, reserved 1048576K
}
Event: 4.732 GC heap after
{Heap after GC invocations=14 (full 0):
 garbage-first heap   total 130048K, used 81920K [0x000000008b400000, 0x0000000100000000)
  region size 1024K, 5 young (5120K), 5 survivors (5120K)
 Metaspace       used 43008K, committed 43392K, reserved 1114112K
  class space    used 5003K, committed 5184K, reserved 1048576K
}
Event: 4.843 GC heap before
{Heap before GC invocations=14 (full 0):
 garbage-first heap   total 130048K, used 112640K [0x000000008b400000, 0x0000000100000000)
  region size 1024K, 34 young (34816K), 5 survivors (5120K)
 Metaspace       used 43179K, committed 43520K, reserved 1114112K
  class space    used 5016K, committed 5184K, reserved 1048576K
}
Event: 4.859 GC heap after
{Heap after GC invocations=15 (full 0):
 garbage-first heap   total 232448K, used 93696K [0x000000008b400000, 0x0000000100000000)
  region size 1024K, 5 young (5120K), 5 survivors (5120K)
 Metaspace       used 43179K, committed 43520K, reserved 1114112K
  class space    used 5016K, committed 5184K, reserved 1048576K
}
Event: 5.277 GC heap before
{Heap before GC invocations=15 (full 0):
 garbage-first heap   total 232448K, used 178688K [0x000000008b400000, 0x0000000100000000)
  region size 1024K, 88 young (90112K), 5 survivors (5120K)
 Metaspace       used 44024K, committed 44352K, reserved 1114112K
  class space    used 5077K, committed 5248K, reserved 1048576K
}
Event: 5.288 GC heap after
{Heap after GC invocations=16 (full 0):
 garbage-first heap   total 232448K, used 113037K [0x000000008b400000, 0x0000000100000000)
  region size 1024K, 11 young (11264K), 11 survivors (11264K)
 Metaspace       used 44024K, committed 44352K, reserved 1114112K
  class space    used 5077K, committed 5248K, reserved 1048576K
}
Event: 5.380 GC heap before
{Heap before GC invocations=16 (full 0):
 garbage-first heap   total 232448K, used 184717K [0x000000008b400000, 0x0000000100000000)
  region size 1024K, 81 young (82944K), 11 survivors (11264K)
 Metaspace       used 44024K, committed 44352K, reserved 1114112K
  class space    used 5077K, committed 5248K, reserved 1048576K
}
Event: 5.396 GC heap after
{Heap after GC invocations=17 (full 0):
 garbage-first heap   total 232448K, used 129995K [0x000000008b400000, 0x0000000100000000)
  region size 1024K, 11 young (11264K), 11 survivors (11264K)
 Metaspace       used 44024K, committed 44352K, reserved 1114112K
  class space    used 5077K, committed 5248K, reserved 1048576K
}
Event: 6.005 GC heap before
{Heap before GC invocations=18 (full 0):
 garbage-first heap   total 242688K, used 193483K [0x000000008b400000, 0x0000000100000000)
  region size 1024K, 73 young (74752K), 11 survivors (11264K)
 Metaspace       used 48475K, committed 48768K, reserved 1114112K
  class space    used 5557K, committed 5696K, reserved 1048576K
}
Event: 6.018 GC heap after
{Heap after GC invocations=19 (full 0):
 garbage-first heap   total 242688K, used 143360K [0x000000008b400000, 0x0000000100000000)
  region size 1024K, 10 young (10240K), 10 survivors (10240K)
 Metaspace       used 48475K, committed 48768K, reserved 1114112K
  class space    used 5557K, committed 5696K, reserved 1048576K
}
Event: 6.803 GC heap before
{Heap before GC invocations=19 (full 0):
 garbage-first heap   total 242688K, used 205824K [0x000000008b400000, 0x0000000100000000)
  region size 1024K, 71 young (72704K), 10 survivors (10240K)
 Metaspace       used 50509K, committed 50880K, reserved 1114112K
  class space    used 5690K, committed 5824K, reserved 1048576K
}
Event: 6.816 GC heap after
{Heap after GC invocations=20 (full 0):
 garbage-first heap   total 242688K, used 152576K [0x000000008b400000, 0x0000000100000000)
  region size 1024K, 9 young (9216K), 9 survivors (9216K)
 Metaspace       used 50509K, committed 50880K, reserved 1114112K
  class space    used 5690K, committed 5824K, reserved 1048576K
}
Event: 7.307 GC heap before
{Heap before GC invocations=20 (full 0):
 garbage-first heap   total 242688K, used 210944K [0x000000008b400000, 0x0000000100000000)
  region size 1024K, 66 young (67584K), 9 survivors (9216K)
 Metaspace       used 54169K, committed 54528K, reserved 1114112K
  class space    used 6154K, committed 6336K, reserved 1048576K
}
Event: 7.321 GC heap after
{Heap after GC invocations=21 (full 0):
 garbage-first heap   total 242688K, used 163728K [0x000000008b400000, 0x0000000100000000)
  region size 1024K, 9 young (9216K), 9 survivors (9216K)
 Metaspace       used 54169K, committed 54528K, reserved 1114112K
  class space    used 6154K, committed 6336K, reserved 1048576K
}
Event: 7.395 GC heap before
{Heap before GC invocations=21 (full 0):
 garbage-first heap   total 347136K, used 212880K [0x000000008b400000, 0x0000000100000000)
  region size 1024K, 58 young (59392K), 9 survivors (9216K)
 Metaspace       used 54170K, committed 54528K, reserved 1114112K
  class space    used 6154K, committed 6336K, reserved 1048576K
}

