# JRE version: OpenJDK Runtime Environment Temurin-21.0.3+9 (21.0.3+9) (build 21.0.3+9-LTS)
# Java VM: OpenJDK 64-Bit Server VM Temurin-21.0.3+9 (21.0.3+9-LTS, mixed mode, sharing, tiered, compressed oops, compressed class ptrs, g1 gc, windows-amd64)
GC Precious Log:
 CardTable entry size: 512
 Card Set container configuration: InlinePtr #cards 5 size 8 Array Of Cards #cards 12 size 40 Howl #buckets 4 coarsen threshold 1843 Howl Bitmap #cards 512 size 80 coarsen threshold 460 Card regions per heap region 1 cards per card region 2048
 CPUs: 12 total, 12 available
 Memory: 7471M
 Large Page Support: Disabled
 NUMA Support: Disabled
 Compressed Oops: Enabled (32-bit)
 Heap Region Size: 1M
 Heap Min Capacity: 8M
 Heap Initial Capacity: 118M
 Heap Max Capacity: 2G
 Pre-touch: Disabled
 Parallel Workers: 10
 Concurrent Workers: 3
 Concurrent Refinement Workers: 10
 Periodic GC: Disabled
Heap:
 garbage-first heap   total 373760K, used 203316K [0x0000000080000000, 0x0000000100000000)
  region size 1024K, 7 young (7168K), 7 survivors (7168K)
 Metaspace       used 127377K, committed 129920K, reserved 1179648K
  class space    used 17218K, committed 18496K, reserved 1048576K
GC Heap History (20 events):
Event: 12.907 GC heap after
{Heap after GC invocations=37 (full 0):
 garbage-first heap   total 215040K, used 128093K [0x0000000080000000, 0x0000000100000000)
  region size 1024K, 7 young (7168K), 7 survivors (7168K)
 Metaspace       used 106410K, committed 108608K, reserved 1179648K
  class space    used 14843K, committed 15936K, reserved 1048576K
}
Event: 13.844 GC heap before
{Heap before GC invocations=37 (full 0):
 garbage-first heap   total 215040K, used 193629K [0x0000000080000000, 0x0000000100000000)
  region size 1024K, 72 young (73728K), 7 survivors (7168K)
 Metaspace       used 110825K, committed 113152K, reserved 1179648K
  class space    used 15360K, committed 16512K, reserved 1048576K
}
Event: 13.853 GC heap after
{Heap after GC invocations=38 (full 0):
 garbage-first heap   total 258048K, used 132198K [0x0000000080000000, 0x0000000100000000)
  region size 1024K, 9 young (9216K), 9 survivors (9216K)
 Metaspace       used 110825K, committed 113152K, reserved 1179648K
  class space    used 15360K, committed 16512K, reserved 1048576K
}
Event: 14.245 GC heap before
{Heap before GC invocations=38 (full 0):
 garbage-first heap   total 258048K, used 226406K [0x0000000080000000, 0x0000000100000000)
  region size 1024K, 102 young (104448K), 9 survivors (9216K)
 Metaspace       used 112512K, committed 114816K, reserved 1179648K
  class space    used 15547K, committed 16704K, reserved 1048576K
}
Event: 14.256 GC heap after
{Heap after GC invocations=39 (full 0):
 garbage-first heap   total 258048K, used 137349K [0x0000000080000000, 0x0000000100000000)
  region size 1024K, 11 young (11264K), 11 survivors (11264K)
 Metaspace       used 112512K, committed 114816K, reserved 1179648K
  class space    used 15547K, committed 16704K, reserved 1048576K
}
Event: 14.624 GC heap before
{Heap before GC invocations=39 (full 0):
 garbage-first heap   total 258048K, used 229509K [0x0000000080000000, 0x0000000100000000)
  region size 1024K, 102 young (104448K), 11 survivors (11264K)
 Metaspace       used 113512K, committed 115904K, reserved 1179648K
  class space    used 15688K, committed 16896K, reserved 1048576K
}
Event: 14.639 GC heap after
{Heap after GC invocations=40 (full 0):
 garbage-first heap   total 258048K, used 142184K [0x0000000080000000, 0x0000000100000000)
  region size 1024K, 10 young (10240K), 10 survivors (10240K)
 Metaspace       used 113512K, committed 115904K, reserved 1179648K
  class space    used 15688K, committed 16896K, reserved 1048576K
}
Event: 16.666 GC heap before
{Heap before GC invocations=41 (full 0):
 garbage-first heap   total 271360K, used 232296K [0x0000000080000000, 0x0000000100000000)
  region size 1024K, 99 young (101376K), 10 survivors (10240K)
 Metaspace       used 115026K, committed 117440K, reserved 1179648K
  class space    used 15861K, committed 17024K, reserved 1048576K
}
Event: 16.677 GC heap after
{Heap after GC invocations=42 (full 0):
 garbage-first heap   total 271360K, used 146749K [0x0000000080000000, 0x0000000100000000)
  region size 1024K, 10 young (10240K), 10 survivors (10240K)
 Metaspace       used 115026K, committed 117440K, reserved 1179648K
  class space    used 15861K, committed 17024K, reserved 1048576K
}
Event: 17.179 GC heap before
{Heap before GC invocations=42 (full 0):
 garbage-first heap   total 271360K, used 245053K [0x0000000080000000, 0x0000000100000000)
  region size 1024K, 107 young (109568K), 10 survivors (10240K)
 Metaspace       used 115208K, committed 117632K, reserved 1179648K
  class space    used 15873K, committed 17088K, reserved 1048576K
}
Event: 17.230 GC heap after
{Heap after GC invocations=43 (full 0):
 garbage-first heap   total 300032K, used 186723K [0x0000000080000000, 0x0000000100000000)
  region size 1024K, 14 young (14336K), 14 survivors (14336K)
 Metaspace       used 115208K, committed 117632K, reserved 1179648K
  class space    used 15873K, committed 17088K, reserved 1048576K
}
Event: 105.163 GC heap before
{Heap before GC invocations=43 (full 0):
 garbage-first heap   total 300032K, used 247139K [0x0000000080000000, 0x0000000100000000)
  region size 1024K, 74 young (75776K), 14 survivors (14336K)
 Metaspace       used 115638K, committed 118080K, reserved 1179648K
  class space    used 15926K, committed 17152K, reserved 1048576K
}
Event: 105.379 GC heap after
{Heap after GC invocations=44 (full 0):
 garbage-first heap   total 300032K, used 185601K [0x0000000080000000, 0x0000000100000000)
  region size 1024K, 4 young (4096K), 4 survivors (4096K)
 Metaspace       used 115638K, committed 118080K, reserved 1179648K
  class space    used 15926K, committed 17152K, reserved 1048576K
}
Event: 113.816 GC heap before
{Heap before GC invocations=45 (full 0):
 garbage-first heap   total 314368K, used 266497K [0x0000000080000000, 0x0000000100000000)
  region size 1024K, 73 young (74752K), 4 survivors (4096K)
 Metaspace       used 123680K, committed 126144K, reserved 1179648K
  class space    used 16879K, committed 18048K, reserved 1048576K
}
Event: 113.886 GC heap after
{Heap after GC invocations=46 (full 0):
 garbage-first heap   total 314368K, used 209887K [0x0000000080000000, 0x0000000100000000)
  region size 1024K, 10 young (10240K), 10 survivors (10240K)
 Metaspace       used 123680K, committed 126144K, reserved 1179648K
  class space    used 16879K, committed 18048K, reserved 1048576K
}
Event: 119.919 GC heap before
{Heap before GC invocations=46 (full 0):
 garbage-first heap   total 314368K, used 269279K [0x0000000080000000, 0x0000000100000000)
  region size 1024K, 69 young (70656K), 10 survivors (10240K)
 Metaspace       used 126453K, committed 128896K, reserved 1179648K
  class space    used 17111K, committed 18304K, reserved 1048576K
}
Event: 119.973 GC heap after
{Heap after GC invocations=47 (full 0):
 garbage-first heap   total 314368K, used 199373K [0x0000000080000000, 0x0000000100000000)
  region size 1024K, 9 young (9216K), 9 survivors (9216K)
 Metaspace       used 126453K, committed 128896K, reserved 1179648K
  class space    used 17111K, committed 18304K, reserved 1048576K
}
Event: 120.794 GC heap before
{Heap before GC invocations=47 (full 0):
 garbage-first heap   total 314368K, used 271053K [0x0000000080000000, 0x0000000100000000)
  region size 1024K, 80 young (81920K), 9 survivors (9216K)
 Metaspace       used 127240K, committed 129792K, reserved 1179648K
  class space    used 17197K, committed 18432K, reserved 1048576K
}
Event: 120.839 GC heap after
{Heap after GC invocations=48 (full 0):
 garbage-first heap   total 314368K, used 213773K [0x0000000080000000, 0x0000000100000000)
  region size 1024K, 10 young (10240K), 10 survivors (10240K)
 Metaspace       used 127240K, committed 129792K, reserved 1179648K
  class space    used 17197K, committed 18432K, reserved 1048576K
}
Event: 122.855 GC heap before
{Heap before GC invocations=49 (full 0):
 garbage-first heap   total 373760K, used 255757K [0x0000000080000000, 0x0000000100000000)
  region size 1024K, 70 young (71680K), 10 survivors (10240K)
 Metaspace       used 127377K, committed 129920K, reserved 1179648K
  class space    used 17218K, committed 18496K, reserved 1048576K
}

